

================================================================
== Vitis HLS Report for 'gen4'
================================================================
* Date:           Fri Jul 14 17:20:38 2023

* Version:        2021.2 (Build 3367213 on Tue Oct 19 02:47:39 MDT 2021)
* Project:        proj_gen4
* Solution:       solution (Vivado IP Flow Target)
* Product family: kintexuplus
* Target device:  xcku15p-ffva1760-2-e


================================================================
== Performance Estimates
================================================================
+ Timing: 
    * Summary: 
    +--------+---------+----------+------------+
    |  Clock |  Target | Estimated| Uncertainty|
    +--------+---------+----------+------------+
    |ap_clk  |  2.50 ns|  1.772 ns|     0.68 ns|
    +--------+---------+----------+------------+

+ Latency: 
    * Summary: 
    +---------+---------+-----------+-----------+-----+-----+---------+
    |  Latency (cycles) |   Latency (absolute)  |  Interval | Pipeline|
    |   min   |   max   |    min    |    max    | min | max |   Type  |
    +---------+---------+-----------+-----------+-----+-----+---------+
    |       11|       11|  27.500 ns|  27.500 ns|    1|    1|      yes|
    +---------+---------+-----------+-----------+-----+-----+---------+

    + Detail: 
        * Instance: 
        +----------------------+-----------+---------+---------+-----------+-----------+-----+-----+---------+
        |                      |           |  Latency (cycles) |   Latency (absolute)  |  Interval | Pipeline|
        |       Instance       |   Module  |   min   |   max   |    min    |    max    | min | max |   Type  |
        +----------------------+-----------+---------+---------+-----------+-----------+-----+-----+---------+
        |grp_gen_puppi_fu_785  |gen_puppi  |        4|        4|  10.000 ns|  10.000 ns|    1|    1|      yes|
        |grp_gen_puppi_fu_792  |gen_puppi  |        4|        4|  10.000 ns|  10.000 ns|    1|    1|      yes|
        |grp_gen_puppi_fu_799  |gen_puppi  |        4|        4|  10.000 ns|  10.000 ns|    1|    1|      yes|
        |grp_gen_puppi_fu_806  |gen_puppi  |        4|        4|  10.000 ns|  10.000 ns|    1|    1|      yes|
        +----------------------+-----------+---------+---------+-----------+-----------+-----+-----+---------+

        * Loop: 
        N/A



================================================================
== Utilization Estimates
================================================================
* Summary: 
+-----------------+---------+------+---------+--------+-----+
|       Name      | BRAM_18K|  DSP |    FF   |   LUT  | URAM|
+-----------------+---------+------+---------+--------+-----+
|DSP              |        -|     2|        -|       -|    -|
|Expression       |        -|     -|        0|     367|    -|
|FIFO             |        -|     -|        -|       -|    -|
|Instance         |        4|    12|     1036|     956|    -|
|Memory           |        2|     -|        0|       0|    -|
|Multiplexer      |        -|     -|        -|     628|    -|
|Register         |        -|     -|    10240|     672|    -|
+-----------------+---------+------+---------+--------+-----+
|Total            |        6|    14|    11276|    2623|    0|
+-----------------+---------+------+---------+--------+-----+
|Available        |     1968|  1968|  1045440|  522720|  128|
+-----------------+---------+------+---------+--------+-----+
|Utilization (%)  |       ~0|    ~0|        1|      ~0|    0|
+-----------------+---------+------+---------+--------+-----+

+ Detail: 
    * Instance: 
    +----------------------+-----------+---------+----+-----+-----+-----+
    |       Instance       |   Module  | BRAM_18K| DSP|  FF | LUT | URAM|
    +----------------------+-----------+---------+----+-----+-----+-----+
    |grp_gen_puppi_fu_785  |gen_puppi  |        1|   3|  259|  239|    0|
    |grp_gen_puppi_fu_792  |gen_puppi  |        1|   3|  259|  239|    0|
    |grp_gen_puppi_fu_799  |gen_puppi  |        1|   3|  259|  239|    0|
    |grp_gen_puppi_fu_806  |gen_puppi  |        1|   3|  259|  239|    0|
    +----------------------+-----------+---------+----+-----+-----+-----+
    |Total                 |           |        4|  12| 1036|  956|    0|
    +----------------------+-----------+---------+----+-----+-----+-----+

    * DSP: 
    +-----------------------------+-------------------------+-----------+
    |           Instance          |          Module         | Expression|
    +-----------------------------+-------------------------+-----------+
    |mul_mul_11ns_7ns_18_4_1_U9   |mul_mul_11ns_7ns_18_4_1  |    i0 * i1|
    |mul_mul_11ns_7ns_18_4_1_U10  |mul_mul_11ns_7ns_18_4_1  |    i0 * i1|
    +-----------------------------+-------------------------+-----------+

    * Memory: 
    +----------+--------------------+---------+---+----+-----+------+-----+------+-------------+
    |  Memory  |       Module       | BRAM_18K| FF| LUT| URAM| Words| Bits| Banks| W*Bits*Banks|
    +----------+--------------------+---------+---+----+-----+------+-----+------+-------------+
    |NLUT_V_U  |NLUT_V_ROM_AUTO_1R  |        2|  0|   0|    0|  2047|   11|     1|        22517|
    +----------+--------------------+---------+---+----+-----+------+-----+------+-------------+
    |Total     |                    |        2|  0|   0|    0|  2047|   11|     1|        22517|
    +----------+--------------------+---------+---+----+-----+------+-----+------+-------------+

    * FIFO: 
    N/A

    * Expression: 
    +---------------------------------------+----------+----+---+----+------------+------------+
    |             Variable Name             | Operation| DSP| FF| LUT| Bitwidth P0| Bitwidth P1|
    +---------------------------------------+----------+----+---+----+------------+------------+
    |N_4_fu_1031_p2                         |         +|   0|  0|  14|           7|           7|
    |N_5_fu_1005_p2                         |         +|   0|  0|  14|           7|           7|
    |add_ln229_1_fu_1153_p2                 |         +|   0|  0|  15|           8|           4|
    |add_ln229_fu_1212_p2                   |         +|   0|  0|  15|           8|           4|
    |add_ln885_1_fu_911_p2                  |         +|   0|  0|  17|          10|           1|
    |add_ln885_2_fu_944_p2                  |         +|   0|  0|  17|          10|           1|
    |add_ln885_fu_883_p2                    |         +|   0|  0|  15|           8|           1|
    |ret_fu_1053_p2                         |         +|   0|  0|  16|           9|           4|
    |and_ln128_fu_837_p2                    |       and|   0|  0|   2|           1|           1|
    |and_ln159_1_fu_1258_p2                 |       and|   0|  0|   2|           1|           1|
    |and_ln159_2_fu_1263_p2                 |       and|   0|  0|   2|           1|           1|
    |and_ln159_3_fu_1268_p2                 |       and|   0|  0|   2|           1|           1|
    |and_ln159_fu_1253_p2                   |       and|   0|  0|   2|           1|           1|
    |ap_condition_1116                      |       and|   0|  0|   2|           1|           1|
    |ap_condition_1123                      |       and|   0|  0|   2|           1|           1|
    |ap_condition_1133                      |       and|   0|  0|   2|           1|           1|
    |ap_condition_1138                      |       and|   0|  0|   2|           1|           1|
    |ap_condition_1144                      |       and|   0|  0|   2|           1|           1|
    |ap_condition_1153                      |       and|   0|  0|   2|           1|           1|
    |ap_condition_1508                      |       and|   0|  0|   2|           1|           1|
    |ap_condition_231                       |       and|   0|  0|   2|           1|           1|
    |ap_condition_234                       |       and|   0|  0|   2|           1|           1|
    |ap_condition_242                       |       and|   0|  0|   2|           1|           1|
    |ap_condition_250                       |       and|   0|  0|   2|           1|           1|
    |ap_condition_258                       |       and|   0|  0|   2|           1|           1|
    |ap_condition_348                       |       and|   0|  0|   2|           1|           1|
    |ap_condition_358                       |       and|   0|  0|   2|           1|           1|
    |ap_condition_525                       |       and|   0|  0|   2|           1|           1|
    |ap_condition_559                       |       and|   0|  0|   2|           1|           1|
    |ap_condition_575                       |       and|   0|  0|   2|           1|           1|
    |ap_condition_591                       |       and|   0|  0|   2|           1|           1|
    |ap_condition_607                       |       and|   0|  0|   2|           1|           1|
    |ap_predicate_op173_call_state7_state6  |       and|   0|  0|   2|           1|           1|
    |ap_predicate_op174_call_state7_state6  |       and|   0|  0|   2|           1|           1|
    |ap_predicate_op175_call_state7_state6  |       and|   0|  0|   2|           1|           1|
    |ap_predicate_op176_call_state7_state6  |       and|   0|  0|   2|           1|           1|
    |ap_predicate_op177_call_state7_state6  |       and|   0|  0|   2|           1|           1|
    |icmp_ln1064_1_fu_877_p2                |      icmp|   0|  0|  11|           8|           6|
    |icmp_ln1064_fu_855_p2                  |      icmp|   0|  0|  11|           8|           1|
    |icmp_ln1068_fu_905_p2                  |      icmp|   0|  0|  11|          10|          10|
    |icmp_ln1072_1_fu_1081_p2               |      icmp|   0|  0|  10|           7|           1|
    |icmp_ln1072_2_fu_1103_p2               |      icmp|   0|  0|  11|           8|           2|
    |icmp_ln1072_3_fu_1125_p2               |      icmp|   0|  0|  10|           6|           1|
    |icmp_ln1072_fu_1059_p2                 |      icmp|   0|  0|  11|           8|           1|
    |icmp_ln1076_1_fu_1097_p2               |      icmp|   0|  0|  11|           8|           1|
    |icmp_ln1076_2_fu_1109_p2               |      icmp|   0|  0|  11|           9|           2|
    |icmp_ln1076_3_fu_1141_p2               |      icmp|   0|  0|  10|           7|           1|
    |icmp_ln1076_fu_1065_p2                 |      icmp|   0|  0|  11|           9|           1|
    |icmp_ln1084_3_fu_1184_p2               |      icmp|   0|  0|  10|           7|           3|
    |icmp_ln1084_4_fu_1190_p2               |      icmp|   0|  0|  10|           7|           3|
    |icmp_ln1084_5_fu_1206_p2               |      icmp|   0|  0|   9|           4|           1|
    |icmp_ln1084_6_fu_1147_p2               |      icmp|   0|  0|  11|           8|           3|
    |icmp_ln1084_fu_1178_p2                 |      icmp|   0|  0|  10|           7|           3|
    |select_ln148_fu_1218_p3                |    select|   0|  0|   8|           1|           1|
    |select_ln161_fu_1159_p3                |    select|   0|  0|   8|           1|           1|
    |ap_enable_pp0                          |       xor|   0|  0|   2|           1|           2|
    +---------------------------------------+----------+----+---+----+------------+------------+
    |Total                                  |          |   0|  0| 367|         220|         102|
    +---------------------------------------+----------+----+---+----+------------+------------+

    * Multiplexer: 
    +-------------------------------------------------+----+-----------+-----+-----------+
    |                       Name                      | LUT| Input Size| Bits| Total Bits|
    +-------------------------------------------------+----+-----------+-----+-----------+
    |NLUT_V_address0                                  |  14|          3|   11|         33|
    |ap_phi_mux_data_out_0_new_0_phi_fu_548_p4        |   9|          2|   64|        128|
    |ap_phi_mux_data_out_0_new_2_phi_fu_773_p6        |   9|          2|   64|        128|
    |ap_phi_mux_data_out_1_new_0_phi_fu_458_p4        |   9|          2|   64|        128|
    |ap_phi_mux_data_out_1_new_2_phi_fu_629_p6        |   9|          2|   64|        128|
    |ap_phi_mux_data_out_2_new_0_phi_fu_488_p4        |   9|          2|   64|        128|
    |ap_phi_mux_data_out_2_new_2_phi_fu_677_p6        |   9|          2|   64|        128|
    |ap_phi_mux_data_out_3_new_0_phi_fu_518_p4        |   9|          2|   64|        128|
    |ap_phi_mux_data_out_3_new_2_phi_fu_725_p6        |   9|          2|   64|        128|
    |ap_phi_mux_end_out_0_new_0_phi_fu_449_p4         |   9|          2|    1|          2|
    |ap_phi_mux_end_out_0_new_2_phi_fu_613_p6         |   9|          2|    1|          2|
    |ap_phi_mux_end_out_1_new_0_phi_fu_479_p4         |   9|          2|    1|          2|
    |ap_phi_mux_end_out_1_new_2_phi_fu_661_p6         |   9|          2|    1|          2|
    |ap_phi_mux_end_out_2_new_0_phi_fu_509_p4         |   9|          2|    1|          2|
    |ap_phi_mux_end_out_2_new_2_phi_fu_709_p6         |   9|          2|    1|          2|
    |ap_phi_mux_end_out_3_new_0_phi_fu_539_p4         |   9|          2|    1|          2|
    |ap_phi_mux_end_out_3_new_2_phi_fu_757_p6         |   9|          2|    1|          2|
    |ap_phi_mux_orbit_out_0_new_0_phi_fu_427_p4       |   9|          2|    1|          2|
    |ap_phi_mux_orbit_out_0_new_2_phi_fu_575_p6       |   9|          2|    1|          2|
    |ap_phi_mux_start_out_0_new_0_phi_fu_438_p4       |   9|          2|    1|          2|
    |ap_phi_mux_start_out_0_new_2_phi_fu_594_p6       |   9|          2|    1|          2|
    |ap_phi_mux_valid_out_0_new_0_phi_fu_417_p4       |   9|          2|    1|          2|
    |ap_phi_mux_valid_out_0_new_2_phi_fu_559_p6       |   9|          2|    1|          2|
    |ap_phi_mux_valid_out_1_new_0_phi_fu_469_p4       |   9|          2|    1|          2|
    |ap_phi_mux_valid_out_1_new_2_phi_fu_645_p6       |   9|          2|    1|          2|
    |ap_phi_mux_valid_out_2_new_0_phi_fu_499_p4       |   9|          2|    1|          2|
    |ap_phi_mux_valid_out_2_new_2_phi_fu_693_p6       |   9|          2|    1|          2|
    |ap_phi_mux_valid_out_3_new_0_phi_fu_529_p4       |   9|          2|    1|          2|
    |ap_phi_mux_valid_out_3_new_2_phi_fu_741_p6       |   9|          2|    1|          2|
    |ap_phi_reg_pp0_iter11_data_out_0_new_0_reg_545   |   9|          2|   64|        128|
    |ap_phi_reg_pp0_iter11_data_out_1_new_0_reg_455   |   9|          2|   64|        128|
    |ap_phi_reg_pp0_iter11_data_out_2_new_0_reg_485   |   9|          2|   64|        128|
    |ap_phi_reg_pp0_iter11_data_out_3_new_0_reg_515   |   9|          2|   64|        128|
    |ap_phi_reg_pp0_iter11_end_out_0_new_0_reg_446    |   9|          2|    1|          2|
    |ap_phi_reg_pp0_iter11_end_out_1_new_0_reg_476    |   9|          2|    1|          2|
    |ap_phi_reg_pp0_iter11_end_out_2_new_0_reg_506    |   9|          2|    1|          2|
    |ap_phi_reg_pp0_iter11_end_out_3_new_0_reg_536    |   9|          2|    1|          2|
    |ap_phi_reg_pp0_iter11_orbit_out_0_new_0_reg_424  |   9|          2|    1|          2|
    |ap_phi_reg_pp0_iter11_ref_tmp46_0_reg_369        |   9|          2|   64|        128|
    |ap_phi_reg_pp0_iter11_ref_tmp46_1_reg_380        |   9|          2|   64|        128|
    |ap_phi_reg_pp0_iter11_ref_tmp46_2_reg_391        |   9|          2|   64|        128|
    |ap_phi_reg_pp0_iter11_ref_tmp46_3_reg_402        |   9|          2|   64|        128|
    |ap_phi_reg_pp0_iter11_start_out_0_new_0_reg_434  |   9|          2|    1|          2|
    |ap_phi_reg_pp0_iter11_valid_out_0_new_0_reg_413  |   9|          2|    1|          2|
    |ap_phi_reg_pp0_iter11_valid_out_1_new_0_reg_465  |   9|          2|    1|          2|
    |ap_phi_reg_pp0_iter11_valid_out_2_new_0_reg_495  |   9|          2|    1|          2|
    |ap_phi_reg_pp0_iter11_valid_out_3_new_0_reg_525  |   9|          2|    1|          2|
    |ap_phi_reg_pp0_iter1_data_out_0_new_2_reg_769    |   9|          2|   64|        128|
    |ap_phi_reg_pp0_iter1_data_out_1_new_2_reg_625    |   9|          2|   64|        128|
    |ap_phi_reg_pp0_iter1_data_out_2_new_2_reg_673    |   9|          2|   64|        128|
    |ap_phi_reg_pp0_iter1_data_out_3_new_2_reg_721    |   9|          2|   64|        128|
    |ap_phi_reg_pp0_iter1_end_out_0_new_2_reg_609     |   9|          2|    1|          2|
    |ap_phi_reg_pp0_iter1_end_out_1_new_2_reg_657     |   9|          2|    1|          2|
    |ap_phi_reg_pp0_iter1_end_out_2_new_2_reg_705     |   9|          2|    1|          2|
    |ap_phi_reg_pp0_iter1_end_out_3_new_2_reg_753     |   9|          2|    1|          2|
    |ap_phi_reg_pp0_iter1_orbit_out_0_new_2_reg_571   |   9|          2|    1|          2|
    |ap_phi_reg_pp0_iter1_start_out_0_new_2_reg_590   |   9|          2|    1|          2|
    |ap_phi_reg_pp0_iter1_valid_out_0_new_2_reg_555   |   9|          2|    1|          2|
    |ap_phi_reg_pp0_iter1_valid_out_1_new_2_reg_641   |   9|          2|    1|          2|
    |ap_phi_reg_pp0_iter1_valid_out_2_new_2_reg_689   |   9|          2|    1|          2|
    |ap_phi_reg_pp0_iter1_valid_out_3_new_2_reg_737   |   9|          2|    1|          2|
    |ap_phi_reg_pp0_iter6_ref_tmp46_0_reg_369         |   9|          2|   64|        128|
    |ap_phi_reg_pp0_iter6_ref_tmp46_1_reg_380         |   9|          2|   64|        128|
    |ap_phi_reg_pp0_iter6_ref_tmp46_2_reg_391         |   9|          2|   64|        128|
    |ap_phi_reg_pp0_iter6_ref_tmp46_3_reg_402         |   9|          2|   64|        128|
    |irow_V                                           |  20|          4|    8|         32|
    |npuppi_V                                         |   9|          2|    7|         14|
    |nremaining_V                                     |   9|          2|    8|         16|
    +-------------------------------------------------+----+-----------+-----+-----------+
    |Total                                            | 628|        139| 1610|       3247|
    +-------------------------------------------------+----+-----------+-----+-----------+

    * Register: 
    +-------------------------------------------------+-----+----+-----+-----------+
    |                       Name                      |  FF | LUT| Bits| Const Bits|
    +-------------------------------------------------+-----+----+-----+-----------+
    |N_4_reg_1357                                     |    7|   0|    7|          0|
    |N_5_reg_1352                                     |    7|   0|    7|          0|
    |and_ln128_reg_1292                               |    1|   0|    1|          0|
    |ap_CS_fsm                                        |    1|   0|    1|          0|
    |ap_enable_reg_pp0_iter1                          |    1|   0|    1|          0|
    |ap_enable_reg_pp0_iter10                         |    1|   0|    1|          0|
    |ap_enable_reg_pp0_iter11                         |    1|   0|    1|          0|
    |ap_enable_reg_pp0_iter2                          |    1|   0|    1|          0|
    |ap_enable_reg_pp0_iter3                          |    1|   0|    1|          0|
    |ap_enable_reg_pp0_iter4                          |    1|   0|    1|          0|
    |ap_enable_reg_pp0_iter5                          |    1|   0|    1|          0|
    |ap_enable_reg_pp0_iter6                          |    1|   0|    1|          0|
    |ap_enable_reg_pp0_iter7                          |    1|   0|    1|          0|
    |ap_enable_reg_pp0_iter8                          |    1|   0|    1|          0|
    |ap_enable_reg_pp0_iter9                          |    1|   0|    1|          0|
    |ap_phi_reg_pp0_iter10_data_out_0_new_0_reg_545   |   64|   0|   64|          0|
    |ap_phi_reg_pp0_iter10_data_out_0_new_2_reg_769   |   64|   0|   64|          0|
    |ap_phi_reg_pp0_iter10_data_out_1_new_0_reg_455   |   64|   0|   64|          0|
    |ap_phi_reg_pp0_iter10_data_out_1_new_2_reg_625   |   64|   0|   64|          0|
    |ap_phi_reg_pp0_iter10_data_out_2_new_0_reg_485   |   64|   0|   64|          0|
    |ap_phi_reg_pp0_iter10_data_out_2_new_2_reg_673   |   64|   0|   64|          0|
    |ap_phi_reg_pp0_iter10_data_out_3_new_0_reg_515   |   64|   0|   64|          0|
    |ap_phi_reg_pp0_iter10_data_out_3_new_2_reg_721   |   64|   0|   64|          0|
    |ap_phi_reg_pp0_iter10_end_out_0_new_0_reg_446    |    1|   0|    1|          0|
    |ap_phi_reg_pp0_iter10_end_out_0_new_2_reg_609    |    1|   0|    1|          0|
    |ap_phi_reg_pp0_iter10_end_out_1_new_0_reg_476    |    1|   0|    1|          0|
    |ap_phi_reg_pp0_iter10_end_out_1_new_2_reg_657    |    1|   0|    1|          0|
    |ap_phi_reg_pp0_iter10_end_out_2_new_0_reg_506    |    1|   0|    1|          0|
    |ap_phi_reg_pp0_iter10_end_out_2_new_2_reg_705    |    1|   0|    1|          0|
    |ap_phi_reg_pp0_iter10_end_out_3_new_0_reg_536    |    1|   0|    1|          0|
    |ap_phi_reg_pp0_iter10_end_out_3_new_2_reg_753    |    1|   0|    1|          0|
    |ap_phi_reg_pp0_iter10_orbit_out_0_new_0_reg_424  |    1|   0|    1|          0|
    |ap_phi_reg_pp0_iter10_orbit_out_0_new_2_reg_571  |    1|   0|    1|          0|
    |ap_phi_reg_pp0_iter10_ref_tmp46_0_reg_369        |   64|   0|   64|          0|
    |ap_phi_reg_pp0_iter10_ref_tmp46_1_reg_380        |   64|   0|   64|          0|
    |ap_phi_reg_pp0_iter10_ref_tmp46_2_reg_391        |   64|   0|   64|          0|
    |ap_phi_reg_pp0_iter10_ref_tmp46_3_reg_402        |   64|   0|   64|          0|
    |ap_phi_reg_pp0_iter10_start_out_0_new_0_reg_434  |    1|   0|    1|          0|
    |ap_phi_reg_pp0_iter10_start_out_0_new_2_reg_590  |    1|   0|    1|          0|
    |ap_phi_reg_pp0_iter10_valid_out_0_new_0_reg_413  |    1|   0|    1|          0|
    |ap_phi_reg_pp0_iter10_valid_out_0_new_2_reg_555  |    1|   0|    1|          0|
    |ap_phi_reg_pp0_iter10_valid_out_1_new_0_reg_465  |    1|   0|    1|          0|
    |ap_phi_reg_pp0_iter10_valid_out_1_new_2_reg_641  |    1|   0|    1|          0|
    |ap_phi_reg_pp0_iter10_valid_out_2_new_0_reg_495  |    1|   0|    1|          0|
    |ap_phi_reg_pp0_iter10_valid_out_2_new_2_reg_689  |    1|   0|    1|          0|
    |ap_phi_reg_pp0_iter10_valid_out_3_new_0_reg_525  |    1|   0|    1|          0|
    |ap_phi_reg_pp0_iter10_valid_out_3_new_2_reg_737  |    1|   0|    1|          0|
    |ap_phi_reg_pp0_iter11_data_out_0_new_0_reg_545   |   64|   0|   64|          0|
    |ap_phi_reg_pp0_iter11_data_out_0_new_2_reg_769   |   64|   0|   64|          0|
    |ap_phi_reg_pp0_iter11_data_out_1_new_0_reg_455   |   64|   0|   64|          0|
    |ap_phi_reg_pp0_iter11_data_out_1_new_2_reg_625   |   64|   0|   64|          0|
    |ap_phi_reg_pp0_iter11_data_out_2_new_0_reg_485   |   64|   0|   64|          0|
    |ap_phi_reg_pp0_iter11_data_out_2_new_2_reg_673   |   64|   0|   64|          0|
    |ap_phi_reg_pp0_iter11_data_out_3_new_0_reg_515   |   64|   0|   64|          0|
    |ap_phi_reg_pp0_iter11_data_out_3_new_2_reg_721   |   64|   0|   64|          0|
    |ap_phi_reg_pp0_iter11_end_out_0_new_0_reg_446    |    1|   0|    1|          0|
    |ap_phi_reg_pp0_iter11_end_out_0_new_2_reg_609    |    1|   0|    1|          0|
    |ap_phi_reg_pp0_iter11_end_out_1_new_0_reg_476    |    1|   0|    1|          0|
    |ap_phi_reg_pp0_iter11_end_out_1_new_2_reg_657    |    1|   0|    1|          0|
    |ap_phi_reg_pp0_iter11_end_out_2_new_0_reg_506    |    1|   0|    1|          0|
    |ap_phi_reg_pp0_iter11_end_out_2_new_2_reg_705    |    1|   0|    1|          0|
    |ap_phi_reg_pp0_iter11_end_out_3_new_0_reg_536    |    1|   0|    1|          0|
    |ap_phi_reg_pp0_iter11_end_out_3_new_2_reg_753    |    1|   0|    1|          0|
    |ap_phi_reg_pp0_iter11_orbit_out_0_new_0_reg_424  |    1|   0|    1|          0|
    |ap_phi_reg_pp0_iter11_orbit_out_0_new_2_reg_571  |    1|   0|    1|          0|
    |ap_phi_reg_pp0_iter11_ref_tmp46_0_reg_369        |   64|   0|   64|          0|
    |ap_phi_reg_pp0_iter11_ref_tmp46_1_reg_380        |   64|   0|   64|          0|
    |ap_phi_reg_pp0_iter11_ref_tmp46_2_reg_391        |   64|   0|   64|          0|
    |ap_phi_reg_pp0_iter11_ref_tmp46_3_reg_402        |   64|   0|   64|          0|
    |ap_phi_reg_pp0_iter11_start_out_0_new_0_reg_434  |    1|   0|    1|          0|
    |ap_phi_reg_pp0_iter11_start_out_0_new_2_reg_590  |    1|   0|    1|          0|
    |ap_phi_reg_pp0_iter11_valid_out_0_new_0_reg_413  |    1|   0|    1|          0|
    |ap_phi_reg_pp0_iter11_valid_out_0_new_2_reg_555  |    1|   0|    1|          0|
    |ap_phi_reg_pp0_iter11_valid_out_1_new_0_reg_465  |    1|   0|    1|          0|
    |ap_phi_reg_pp0_iter11_valid_out_1_new_2_reg_641  |    1|   0|    1|          0|
    |ap_phi_reg_pp0_iter11_valid_out_2_new_0_reg_495  |    1|   0|    1|          0|
    |ap_phi_reg_pp0_iter11_valid_out_2_new_2_reg_689  |    1|   0|    1|          0|
    |ap_phi_reg_pp0_iter11_valid_out_3_new_0_reg_525  |    1|   0|    1|          0|
    |ap_phi_reg_pp0_iter11_valid_out_3_new_2_reg_737  |    1|   0|    1|          0|
    |ap_phi_reg_pp0_iter1_data_out_0_new_0_reg_545    |   64|   0|   64|          0|
    |ap_phi_reg_pp0_iter1_data_out_0_new_2_reg_769    |   64|   0|   64|          0|
    |ap_phi_reg_pp0_iter1_data_out_1_new_0_reg_455    |   64|   0|   64|          0|
    |ap_phi_reg_pp0_iter1_data_out_1_new_2_reg_625    |   64|   0|   64|          0|
    |ap_phi_reg_pp0_iter1_data_out_2_new_0_reg_485    |   64|   0|   64|          0|
    |ap_phi_reg_pp0_iter1_data_out_2_new_2_reg_673    |   64|   0|   64|          0|
    |ap_phi_reg_pp0_iter1_data_out_3_new_0_reg_515    |   64|   0|   64|          0|
    |ap_phi_reg_pp0_iter1_data_out_3_new_2_reg_721    |   64|   0|   64|          0|
    |ap_phi_reg_pp0_iter1_end_out_0_new_0_reg_446     |    1|   0|    1|          0|
    |ap_phi_reg_pp0_iter1_end_out_0_new_2_reg_609     |    1|   0|    1|          0|
    |ap_phi_reg_pp0_iter1_end_out_1_new_0_reg_476     |    1|   0|    1|          0|
    |ap_phi_reg_pp0_iter1_end_out_1_new_2_reg_657     |    1|   0|    1|          0|
    |ap_phi_reg_pp0_iter1_end_out_2_new_0_reg_506     |    1|   0|    1|          0|
    |ap_phi_reg_pp0_iter1_end_out_2_new_2_reg_705     |    1|   0|    1|          0|
    |ap_phi_reg_pp0_iter1_end_out_3_new_0_reg_536     |    1|   0|    1|          0|
    |ap_phi_reg_pp0_iter1_end_out_3_new_2_reg_753     |    1|   0|    1|          0|
    |ap_phi_reg_pp0_iter1_orbit_out_0_new_0_reg_424   |    1|   0|    1|          0|
    |ap_phi_reg_pp0_iter1_orbit_out_0_new_2_reg_571   |    1|   0|    1|          0|
    |ap_phi_reg_pp0_iter1_ref_tmp46_0_reg_369         |   64|   0|   64|          0|
    |ap_phi_reg_pp0_iter1_ref_tmp46_1_reg_380         |   64|   0|   64|          0|
    |ap_phi_reg_pp0_iter1_ref_tmp46_2_reg_391         |   64|   0|   64|          0|
    |ap_phi_reg_pp0_iter1_ref_tmp46_3_reg_402         |   64|   0|   64|          0|
    |ap_phi_reg_pp0_iter1_start_out_0_new_0_reg_434   |    1|   0|    1|          0|
    |ap_phi_reg_pp0_iter1_start_out_0_new_2_reg_590   |    1|   0|    1|          0|
    |ap_phi_reg_pp0_iter1_valid_out_0_new_0_reg_413   |    1|   0|    1|          0|
    |ap_phi_reg_pp0_iter1_valid_out_0_new_2_reg_555   |    1|   0|    1|          0|
    |ap_phi_reg_pp0_iter1_valid_out_1_new_0_reg_465   |    1|   0|    1|          0|
    |ap_phi_reg_pp0_iter1_valid_out_1_new_2_reg_641   |    1|   0|    1|          0|
    |ap_phi_reg_pp0_iter1_valid_out_2_new_0_reg_495   |    1|   0|    1|          0|
    |ap_phi_reg_pp0_iter1_valid_out_2_new_2_reg_689   |    1|   0|    1|          0|
    |ap_phi_reg_pp0_iter1_valid_out_3_new_0_reg_525   |    1|   0|    1|          0|
    |ap_phi_reg_pp0_iter1_valid_out_3_new_2_reg_737   |    1|   0|    1|          0|
    |ap_phi_reg_pp0_iter2_data_out_0_new_0_reg_545    |   64|   0|   64|          0|
    |ap_phi_reg_pp0_iter2_data_out_0_new_2_reg_769    |   64|   0|   64|          0|
    |ap_phi_reg_pp0_iter2_data_out_1_new_0_reg_455    |   64|   0|   64|          0|
    |ap_phi_reg_pp0_iter2_data_out_1_new_2_reg_625    |   64|   0|   64|          0|
    |ap_phi_reg_pp0_iter2_data_out_2_new_0_reg_485    |   64|   0|   64|          0|
    |ap_phi_reg_pp0_iter2_data_out_2_new_2_reg_673    |   64|   0|   64|          0|
    |ap_phi_reg_pp0_iter2_data_out_3_new_0_reg_515    |   64|   0|   64|          0|
    |ap_phi_reg_pp0_iter2_data_out_3_new_2_reg_721    |   64|   0|   64|          0|
    |ap_phi_reg_pp0_iter2_end_out_0_new_0_reg_446     |    1|   0|    1|          0|
    |ap_phi_reg_pp0_iter2_end_out_0_new_2_reg_609     |    1|   0|    1|          0|
    |ap_phi_reg_pp0_iter2_end_out_1_new_0_reg_476     |    1|   0|    1|          0|
    |ap_phi_reg_pp0_iter2_end_out_1_new_2_reg_657     |    1|   0|    1|          0|
    |ap_phi_reg_pp0_iter2_end_out_2_new_0_reg_506     |    1|   0|    1|          0|
    |ap_phi_reg_pp0_iter2_end_out_2_new_2_reg_705     |    1|   0|    1|          0|
    |ap_phi_reg_pp0_iter2_end_out_3_new_0_reg_536     |    1|   0|    1|          0|
    |ap_phi_reg_pp0_iter2_end_out_3_new_2_reg_753     |    1|   0|    1|          0|
    |ap_phi_reg_pp0_iter2_orbit_out_0_new_0_reg_424   |    1|   0|    1|          0|
    |ap_phi_reg_pp0_iter2_orbit_out_0_new_2_reg_571   |    1|   0|    1|          0|
    |ap_phi_reg_pp0_iter2_ref_tmp46_0_reg_369         |   64|   0|   64|          0|
    |ap_phi_reg_pp0_iter2_ref_tmp46_1_reg_380         |   64|   0|   64|          0|
    |ap_phi_reg_pp0_iter2_ref_tmp46_2_reg_391         |   64|   0|   64|          0|
    |ap_phi_reg_pp0_iter2_ref_tmp46_3_reg_402         |   64|   0|   64|          0|
    |ap_phi_reg_pp0_iter2_start_out_0_new_0_reg_434   |    1|   0|    1|          0|
    |ap_phi_reg_pp0_iter2_start_out_0_new_2_reg_590   |    1|   0|    1|          0|
    |ap_phi_reg_pp0_iter2_valid_out_0_new_0_reg_413   |    1|   0|    1|          0|
    |ap_phi_reg_pp0_iter2_valid_out_0_new_2_reg_555   |    1|   0|    1|          0|
    |ap_phi_reg_pp0_iter2_valid_out_1_new_0_reg_465   |    1|   0|    1|          0|
    |ap_phi_reg_pp0_iter2_valid_out_1_new_2_reg_641   |    1|   0|    1|          0|
    |ap_phi_reg_pp0_iter2_valid_out_2_new_0_reg_495   |    1|   0|    1|          0|
    |ap_phi_reg_pp0_iter2_valid_out_2_new_2_reg_689   |    1|   0|    1|          0|
    |ap_phi_reg_pp0_iter2_valid_out_3_new_0_reg_525   |    1|   0|    1|          0|
    |ap_phi_reg_pp0_iter2_valid_out_3_new_2_reg_737   |    1|   0|    1|          0|
    |ap_phi_reg_pp0_iter3_data_out_0_new_0_reg_545    |   64|   0|   64|          0|
    |ap_phi_reg_pp0_iter3_data_out_0_new_2_reg_769    |   64|   0|   64|          0|
    |ap_phi_reg_pp0_iter3_data_out_1_new_0_reg_455    |   64|   0|   64|          0|
    |ap_phi_reg_pp0_iter3_data_out_1_new_2_reg_625    |   64|   0|   64|          0|
    |ap_phi_reg_pp0_iter3_data_out_2_new_0_reg_485    |   64|   0|   64|          0|
    |ap_phi_reg_pp0_iter3_data_out_2_new_2_reg_673    |   64|   0|   64|          0|
    |ap_phi_reg_pp0_iter3_data_out_3_new_0_reg_515    |   64|   0|   64|          0|
    |ap_phi_reg_pp0_iter3_data_out_3_new_2_reg_721    |   64|   0|   64|          0|
    |ap_phi_reg_pp0_iter3_end_out_0_new_0_reg_446     |    1|   0|    1|          0|
    |ap_phi_reg_pp0_iter3_end_out_0_new_2_reg_609     |    1|   0|    1|          0|
    |ap_phi_reg_pp0_iter3_end_out_1_new_0_reg_476     |    1|   0|    1|          0|
    |ap_phi_reg_pp0_iter3_end_out_1_new_2_reg_657     |    1|   0|    1|          0|
    |ap_phi_reg_pp0_iter3_end_out_2_new_0_reg_506     |    1|   0|    1|          0|
    |ap_phi_reg_pp0_iter3_end_out_2_new_2_reg_705     |    1|   0|    1|          0|
    |ap_phi_reg_pp0_iter3_end_out_3_new_0_reg_536     |    1|   0|    1|          0|
    |ap_phi_reg_pp0_iter3_end_out_3_new_2_reg_753     |    1|   0|    1|          0|
    |ap_phi_reg_pp0_iter3_orbit_out_0_new_0_reg_424   |    1|   0|    1|          0|
    |ap_phi_reg_pp0_iter3_orbit_out_0_new_2_reg_571   |    1|   0|    1|          0|
    |ap_phi_reg_pp0_iter3_ref_tmp46_0_reg_369         |   64|   0|   64|          0|
    |ap_phi_reg_pp0_iter3_ref_tmp46_1_reg_380         |   64|   0|   64|          0|
    |ap_phi_reg_pp0_iter3_ref_tmp46_2_reg_391         |   64|   0|   64|          0|
    |ap_phi_reg_pp0_iter3_ref_tmp46_3_reg_402         |   64|   0|   64|          0|
    |ap_phi_reg_pp0_iter3_start_out_0_new_0_reg_434   |    1|   0|    1|          0|
    |ap_phi_reg_pp0_iter3_start_out_0_new_2_reg_590   |    1|   0|    1|          0|
    |ap_phi_reg_pp0_iter3_valid_out_0_new_0_reg_413   |    1|   0|    1|          0|
    |ap_phi_reg_pp0_iter3_valid_out_0_new_2_reg_555   |    1|   0|    1|          0|
    |ap_phi_reg_pp0_iter3_valid_out_1_new_0_reg_465   |    1|   0|    1|          0|
    |ap_phi_reg_pp0_iter3_valid_out_1_new_2_reg_641   |    1|   0|    1|          0|
    |ap_phi_reg_pp0_iter3_valid_out_2_new_0_reg_495   |    1|   0|    1|          0|
    |ap_phi_reg_pp0_iter3_valid_out_2_new_2_reg_689   |    1|   0|    1|          0|
    |ap_phi_reg_pp0_iter3_valid_out_3_new_0_reg_525   |    1|   0|    1|          0|
    |ap_phi_reg_pp0_iter3_valid_out_3_new_2_reg_737   |    1|   0|    1|          0|
    |ap_phi_reg_pp0_iter4_data_out_0_new_0_reg_545    |   64|   0|   64|          0|
    |ap_phi_reg_pp0_iter4_data_out_0_new_2_reg_769    |   64|   0|   64|          0|
    |ap_phi_reg_pp0_iter4_data_out_1_new_0_reg_455    |   64|   0|   64|          0|
    |ap_phi_reg_pp0_iter4_data_out_1_new_2_reg_625    |   64|   0|   64|          0|
    |ap_phi_reg_pp0_iter4_data_out_2_new_0_reg_485    |   64|   0|   64|          0|
    |ap_phi_reg_pp0_iter4_data_out_2_new_2_reg_673    |   64|   0|   64|          0|
    |ap_phi_reg_pp0_iter4_data_out_3_new_0_reg_515    |   64|   0|   64|          0|
    |ap_phi_reg_pp0_iter4_data_out_3_new_2_reg_721    |   64|   0|   64|          0|
    |ap_phi_reg_pp0_iter4_end_out_0_new_0_reg_446     |    1|   0|    1|          0|
    |ap_phi_reg_pp0_iter4_end_out_0_new_2_reg_609     |    1|   0|    1|          0|
    |ap_phi_reg_pp0_iter4_end_out_1_new_0_reg_476     |    1|   0|    1|          0|
    |ap_phi_reg_pp0_iter4_end_out_1_new_2_reg_657     |    1|   0|    1|          0|
    |ap_phi_reg_pp0_iter4_end_out_2_new_0_reg_506     |    1|   0|    1|          0|
    |ap_phi_reg_pp0_iter4_end_out_2_new_2_reg_705     |    1|   0|    1|          0|
    |ap_phi_reg_pp0_iter4_end_out_3_new_0_reg_536     |    1|   0|    1|          0|
    |ap_phi_reg_pp0_iter4_end_out_3_new_2_reg_753     |    1|   0|    1|          0|
    |ap_phi_reg_pp0_iter4_orbit_out_0_new_0_reg_424   |    1|   0|    1|          0|
    |ap_phi_reg_pp0_iter4_orbit_out_0_new_2_reg_571   |    1|   0|    1|          0|
    |ap_phi_reg_pp0_iter4_ref_tmp46_0_reg_369         |   64|   0|   64|          0|
    |ap_phi_reg_pp0_iter4_ref_tmp46_1_reg_380         |   64|   0|   64|          0|
    |ap_phi_reg_pp0_iter4_ref_tmp46_2_reg_391         |   64|   0|   64|          0|
    |ap_phi_reg_pp0_iter4_ref_tmp46_3_reg_402         |   64|   0|   64|          0|
    |ap_phi_reg_pp0_iter4_start_out_0_new_0_reg_434   |    1|   0|    1|          0|
    |ap_phi_reg_pp0_iter4_start_out_0_new_2_reg_590   |    1|   0|    1|          0|
    |ap_phi_reg_pp0_iter4_valid_out_0_new_0_reg_413   |    1|   0|    1|          0|
    |ap_phi_reg_pp0_iter4_valid_out_0_new_2_reg_555   |    1|   0|    1|          0|
    |ap_phi_reg_pp0_iter4_valid_out_1_new_0_reg_465   |    1|   0|    1|          0|
    |ap_phi_reg_pp0_iter4_valid_out_1_new_2_reg_641   |    1|   0|    1|          0|
    |ap_phi_reg_pp0_iter4_valid_out_2_new_0_reg_495   |    1|   0|    1|          0|
    |ap_phi_reg_pp0_iter4_valid_out_2_new_2_reg_689   |    1|   0|    1|          0|
    |ap_phi_reg_pp0_iter4_valid_out_3_new_0_reg_525   |    1|   0|    1|          0|
    |ap_phi_reg_pp0_iter4_valid_out_3_new_2_reg_737   |    1|   0|    1|          0|
    |ap_phi_reg_pp0_iter5_data_out_0_new_0_reg_545    |   64|   0|   64|          0|
    |ap_phi_reg_pp0_iter5_data_out_0_new_2_reg_769    |   64|   0|   64|          0|
    |ap_phi_reg_pp0_iter5_data_out_1_new_0_reg_455    |   64|   0|   64|          0|
    |ap_phi_reg_pp0_iter5_data_out_1_new_2_reg_625    |   64|   0|   64|          0|
    |ap_phi_reg_pp0_iter5_data_out_2_new_0_reg_485    |   64|   0|   64|          0|
    |ap_phi_reg_pp0_iter5_data_out_2_new_2_reg_673    |   64|   0|   64|          0|
    |ap_phi_reg_pp0_iter5_data_out_3_new_0_reg_515    |   64|   0|   64|          0|
    |ap_phi_reg_pp0_iter5_data_out_3_new_2_reg_721    |   64|   0|   64|          0|
    |ap_phi_reg_pp0_iter5_end_out_0_new_0_reg_446     |    1|   0|    1|          0|
    |ap_phi_reg_pp0_iter5_end_out_0_new_2_reg_609     |    1|   0|    1|          0|
    |ap_phi_reg_pp0_iter5_end_out_1_new_0_reg_476     |    1|   0|    1|          0|
    |ap_phi_reg_pp0_iter5_end_out_1_new_2_reg_657     |    1|   0|    1|          0|
    |ap_phi_reg_pp0_iter5_end_out_2_new_0_reg_506     |    1|   0|    1|          0|
    |ap_phi_reg_pp0_iter5_end_out_2_new_2_reg_705     |    1|   0|    1|          0|
    |ap_phi_reg_pp0_iter5_end_out_3_new_0_reg_536     |    1|   0|    1|          0|
    |ap_phi_reg_pp0_iter5_end_out_3_new_2_reg_753     |    1|   0|    1|          0|
    |ap_phi_reg_pp0_iter5_orbit_out_0_new_0_reg_424   |    1|   0|    1|          0|
    |ap_phi_reg_pp0_iter5_orbit_out_0_new_2_reg_571   |    1|   0|    1|          0|
    |ap_phi_reg_pp0_iter5_ref_tmp46_0_reg_369         |   64|   0|   64|          0|
    |ap_phi_reg_pp0_iter5_ref_tmp46_1_reg_380         |   64|   0|   64|          0|
    |ap_phi_reg_pp0_iter5_ref_tmp46_2_reg_391         |   64|   0|   64|          0|
    |ap_phi_reg_pp0_iter5_ref_tmp46_3_reg_402         |   64|   0|   64|          0|
    |ap_phi_reg_pp0_iter5_start_out_0_new_0_reg_434   |    1|   0|    1|          0|
    |ap_phi_reg_pp0_iter5_start_out_0_new_2_reg_590   |    1|   0|    1|          0|
    |ap_phi_reg_pp0_iter5_valid_out_0_new_0_reg_413   |    1|   0|    1|          0|
    |ap_phi_reg_pp0_iter5_valid_out_0_new_2_reg_555   |    1|   0|    1|          0|
    |ap_phi_reg_pp0_iter5_valid_out_1_new_0_reg_465   |    1|   0|    1|          0|
    |ap_phi_reg_pp0_iter5_valid_out_1_new_2_reg_641   |    1|   0|    1|          0|
    |ap_phi_reg_pp0_iter5_valid_out_2_new_0_reg_495   |    1|   0|    1|          0|
    |ap_phi_reg_pp0_iter5_valid_out_2_new_2_reg_689   |    1|   0|    1|          0|
    |ap_phi_reg_pp0_iter5_valid_out_3_new_0_reg_525   |    1|   0|    1|          0|
    |ap_phi_reg_pp0_iter5_valid_out_3_new_2_reg_737   |    1|   0|    1|          0|
    |ap_phi_reg_pp0_iter6_data_out_0_new_0_reg_545    |   64|   0|   64|          0|
    |ap_phi_reg_pp0_iter6_data_out_0_new_2_reg_769    |   64|   0|   64|          0|
    |ap_phi_reg_pp0_iter6_data_out_1_new_0_reg_455    |   64|   0|   64|          0|
    |ap_phi_reg_pp0_iter6_data_out_1_new_2_reg_625    |   64|   0|   64|          0|
    |ap_phi_reg_pp0_iter6_data_out_2_new_0_reg_485    |   64|   0|   64|          0|
    |ap_phi_reg_pp0_iter6_data_out_2_new_2_reg_673    |   64|   0|   64|          0|
    |ap_phi_reg_pp0_iter6_data_out_3_new_0_reg_515    |   64|   0|   64|          0|
    |ap_phi_reg_pp0_iter6_data_out_3_new_2_reg_721    |   64|   0|   64|          0|
    |ap_phi_reg_pp0_iter6_end_out_0_new_0_reg_446     |    1|   0|    1|          0|
    |ap_phi_reg_pp0_iter6_end_out_0_new_2_reg_609     |    1|   0|    1|          0|
    |ap_phi_reg_pp0_iter6_end_out_1_new_0_reg_476     |    1|   0|    1|          0|
    |ap_phi_reg_pp0_iter6_end_out_1_new_2_reg_657     |    1|   0|    1|          0|
    |ap_phi_reg_pp0_iter6_end_out_2_new_0_reg_506     |    1|   0|    1|          0|
    |ap_phi_reg_pp0_iter6_end_out_2_new_2_reg_705     |    1|   0|    1|          0|
    |ap_phi_reg_pp0_iter6_end_out_3_new_0_reg_536     |    1|   0|    1|          0|
    |ap_phi_reg_pp0_iter6_end_out_3_new_2_reg_753     |    1|   0|    1|          0|
    |ap_phi_reg_pp0_iter6_orbit_out_0_new_0_reg_424   |    1|   0|    1|          0|
    |ap_phi_reg_pp0_iter6_orbit_out_0_new_2_reg_571   |    1|   0|    1|          0|
    |ap_phi_reg_pp0_iter6_ref_tmp46_0_reg_369         |   64|   0|   64|          0|
    |ap_phi_reg_pp0_iter6_ref_tmp46_1_reg_380         |   64|   0|   64|          0|
    |ap_phi_reg_pp0_iter6_ref_tmp46_2_reg_391         |   64|   0|   64|          0|
    |ap_phi_reg_pp0_iter6_ref_tmp46_3_reg_402         |   64|   0|   64|          0|
    |ap_phi_reg_pp0_iter6_start_out_0_new_0_reg_434   |    1|   0|    1|          0|
    |ap_phi_reg_pp0_iter6_start_out_0_new_2_reg_590   |    1|   0|    1|          0|
    |ap_phi_reg_pp0_iter6_valid_out_0_new_0_reg_413   |    1|   0|    1|          0|
    |ap_phi_reg_pp0_iter6_valid_out_0_new_2_reg_555   |    1|   0|    1|          0|
    |ap_phi_reg_pp0_iter6_valid_out_1_new_0_reg_465   |    1|   0|    1|          0|
    |ap_phi_reg_pp0_iter6_valid_out_1_new_2_reg_641   |    1|   0|    1|          0|
    |ap_phi_reg_pp0_iter6_valid_out_2_new_0_reg_495   |    1|   0|    1|          0|
    |ap_phi_reg_pp0_iter6_valid_out_2_new_2_reg_689   |    1|   0|    1|          0|
    |ap_phi_reg_pp0_iter6_valid_out_3_new_0_reg_525   |    1|   0|    1|          0|
    |ap_phi_reg_pp0_iter6_valid_out_3_new_2_reg_737   |    1|   0|    1|          0|
    |ap_phi_reg_pp0_iter7_data_out_0_new_0_reg_545    |   64|   0|   64|          0|
    |ap_phi_reg_pp0_iter7_data_out_0_new_2_reg_769    |   64|   0|   64|          0|
    |ap_phi_reg_pp0_iter7_data_out_1_new_0_reg_455    |   64|   0|   64|          0|
    |ap_phi_reg_pp0_iter7_data_out_1_new_2_reg_625    |   64|   0|   64|          0|
    |ap_phi_reg_pp0_iter7_data_out_2_new_0_reg_485    |   64|   0|   64|          0|
    |ap_phi_reg_pp0_iter7_data_out_2_new_2_reg_673    |   64|   0|   64|          0|
    |ap_phi_reg_pp0_iter7_data_out_3_new_0_reg_515    |   64|   0|   64|          0|
    |ap_phi_reg_pp0_iter7_data_out_3_new_2_reg_721    |   64|   0|   64|          0|
    |ap_phi_reg_pp0_iter7_end_out_0_new_0_reg_446     |    1|   0|    1|          0|
    |ap_phi_reg_pp0_iter7_end_out_0_new_2_reg_609     |    1|   0|    1|          0|
    |ap_phi_reg_pp0_iter7_end_out_1_new_0_reg_476     |    1|   0|    1|          0|
    |ap_phi_reg_pp0_iter7_end_out_1_new_2_reg_657     |    1|   0|    1|          0|
    |ap_phi_reg_pp0_iter7_end_out_2_new_0_reg_506     |    1|   0|    1|          0|
    |ap_phi_reg_pp0_iter7_end_out_2_new_2_reg_705     |    1|   0|    1|          0|
    |ap_phi_reg_pp0_iter7_end_out_3_new_0_reg_536     |    1|   0|    1|          0|
    |ap_phi_reg_pp0_iter7_end_out_3_new_2_reg_753     |    1|   0|    1|          0|
    |ap_phi_reg_pp0_iter7_orbit_out_0_new_0_reg_424   |    1|   0|    1|          0|
    |ap_phi_reg_pp0_iter7_orbit_out_0_new_2_reg_571   |    1|   0|    1|          0|
    |ap_phi_reg_pp0_iter7_ref_tmp46_0_reg_369         |   64|   0|   64|          0|
    |ap_phi_reg_pp0_iter7_ref_tmp46_1_reg_380         |   64|   0|   64|          0|
    |ap_phi_reg_pp0_iter7_ref_tmp46_2_reg_391         |   64|   0|   64|          0|
    |ap_phi_reg_pp0_iter7_ref_tmp46_3_reg_402         |   64|   0|   64|          0|
    |ap_phi_reg_pp0_iter7_start_out_0_new_0_reg_434   |    1|   0|    1|          0|
    |ap_phi_reg_pp0_iter7_start_out_0_new_2_reg_590   |    1|   0|    1|          0|
    |ap_phi_reg_pp0_iter7_valid_out_0_new_0_reg_413   |    1|   0|    1|          0|
    |ap_phi_reg_pp0_iter7_valid_out_0_new_2_reg_555   |    1|   0|    1|          0|
    |ap_phi_reg_pp0_iter7_valid_out_1_new_0_reg_465   |    1|   0|    1|          0|
    |ap_phi_reg_pp0_iter7_valid_out_1_new_2_reg_641   |    1|   0|    1|          0|
    |ap_phi_reg_pp0_iter7_valid_out_2_new_0_reg_495   |    1|   0|    1|          0|
    |ap_phi_reg_pp0_iter7_valid_out_2_new_2_reg_689   |    1|   0|    1|          0|
    |ap_phi_reg_pp0_iter7_valid_out_3_new_0_reg_525   |    1|   0|    1|          0|
    |ap_phi_reg_pp0_iter7_valid_out_3_new_2_reg_737   |    1|   0|    1|          0|
    |ap_phi_reg_pp0_iter8_data_out_0_new_0_reg_545    |   64|   0|   64|          0|
    |ap_phi_reg_pp0_iter8_data_out_0_new_2_reg_769    |   64|   0|   64|          0|
    |ap_phi_reg_pp0_iter8_data_out_1_new_0_reg_455    |   64|   0|   64|          0|
    |ap_phi_reg_pp0_iter8_data_out_1_new_2_reg_625    |   64|   0|   64|          0|
    |ap_phi_reg_pp0_iter8_data_out_2_new_0_reg_485    |   64|   0|   64|          0|
    |ap_phi_reg_pp0_iter8_data_out_2_new_2_reg_673    |   64|   0|   64|          0|
    |ap_phi_reg_pp0_iter8_data_out_3_new_0_reg_515    |   64|   0|   64|          0|
    |ap_phi_reg_pp0_iter8_data_out_3_new_2_reg_721    |   64|   0|   64|          0|
    |ap_phi_reg_pp0_iter8_end_out_0_new_0_reg_446     |    1|   0|    1|          0|
    |ap_phi_reg_pp0_iter8_end_out_0_new_2_reg_609     |    1|   0|    1|          0|
    |ap_phi_reg_pp0_iter8_end_out_1_new_0_reg_476     |    1|   0|    1|          0|
    |ap_phi_reg_pp0_iter8_end_out_1_new_2_reg_657     |    1|   0|    1|          0|
    |ap_phi_reg_pp0_iter8_end_out_2_new_0_reg_506     |    1|   0|    1|          0|
    |ap_phi_reg_pp0_iter8_end_out_2_new_2_reg_705     |    1|   0|    1|          0|
    |ap_phi_reg_pp0_iter8_end_out_3_new_0_reg_536     |    1|   0|    1|          0|
    |ap_phi_reg_pp0_iter8_end_out_3_new_2_reg_753     |    1|   0|    1|          0|
    |ap_phi_reg_pp0_iter8_orbit_out_0_new_0_reg_424   |    1|   0|    1|          0|
    |ap_phi_reg_pp0_iter8_orbit_out_0_new_2_reg_571   |    1|   0|    1|          0|
    |ap_phi_reg_pp0_iter8_ref_tmp46_0_reg_369         |   64|   0|   64|          0|
    |ap_phi_reg_pp0_iter8_ref_tmp46_1_reg_380         |   64|   0|   64|          0|
    |ap_phi_reg_pp0_iter8_ref_tmp46_2_reg_391         |   64|   0|   64|          0|
    |ap_phi_reg_pp0_iter8_ref_tmp46_3_reg_402         |   64|   0|   64|          0|
    |ap_phi_reg_pp0_iter8_start_out_0_new_0_reg_434   |    1|   0|    1|          0|
    |ap_phi_reg_pp0_iter8_start_out_0_new_2_reg_590   |    1|   0|    1|          0|
    |ap_phi_reg_pp0_iter8_valid_out_0_new_0_reg_413   |    1|   0|    1|          0|
    |ap_phi_reg_pp0_iter8_valid_out_0_new_2_reg_555   |    1|   0|    1|          0|
    |ap_phi_reg_pp0_iter8_valid_out_1_new_0_reg_465   |    1|   0|    1|          0|
    |ap_phi_reg_pp0_iter8_valid_out_1_new_2_reg_641   |    1|   0|    1|          0|
    |ap_phi_reg_pp0_iter8_valid_out_2_new_0_reg_495   |    1|   0|    1|          0|
    |ap_phi_reg_pp0_iter8_valid_out_2_new_2_reg_689   |    1|   0|    1|          0|
    |ap_phi_reg_pp0_iter8_valid_out_3_new_0_reg_525   |    1|   0|    1|          0|
    |ap_phi_reg_pp0_iter8_valid_out_3_new_2_reg_737   |    1|   0|    1|          0|
    |ap_phi_reg_pp0_iter9_data_out_0_new_0_reg_545    |   64|   0|   64|          0|
    |ap_phi_reg_pp0_iter9_data_out_0_new_2_reg_769    |   64|   0|   64|          0|
    |ap_phi_reg_pp0_iter9_data_out_1_new_0_reg_455    |   64|   0|   64|          0|
    |ap_phi_reg_pp0_iter9_data_out_1_new_2_reg_625    |   64|   0|   64|          0|
    |ap_phi_reg_pp0_iter9_data_out_2_new_0_reg_485    |   64|   0|   64|          0|
    |ap_phi_reg_pp0_iter9_data_out_2_new_2_reg_673    |   64|   0|   64|          0|
    |ap_phi_reg_pp0_iter9_data_out_3_new_0_reg_515    |   64|   0|   64|          0|
    |ap_phi_reg_pp0_iter9_data_out_3_new_2_reg_721    |   64|   0|   64|          0|
    |ap_phi_reg_pp0_iter9_end_out_0_new_0_reg_446     |    1|   0|    1|          0|
    |ap_phi_reg_pp0_iter9_end_out_0_new_2_reg_609     |    1|   0|    1|          0|
    |ap_phi_reg_pp0_iter9_end_out_1_new_0_reg_476     |    1|   0|    1|          0|
    |ap_phi_reg_pp0_iter9_end_out_1_new_2_reg_657     |    1|   0|    1|          0|
    |ap_phi_reg_pp0_iter9_end_out_2_new_0_reg_506     |    1|   0|    1|          0|
    |ap_phi_reg_pp0_iter9_end_out_2_new_2_reg_705     |    1|   0|    1|          0|
    |ap_phi_reg_pp0_iter9_end_out_3_new_0_reg_536     |    1|   0|    1|          0|
    |ap_phi_reg_pp0_iter9_end_out_3_new_2_reg_753     |    1|   0|    1|          0|
    |ap_phi_reg_pp0_iter9_orbit_out_0_new_0_reg_424   |    1|   0|    1|          0|
    |ap_phi_reg_pp0_iter9_orbit_out_0_new_2_reg_571   |    1|   0|    1|          0|
    |ap_phi_reg_pp0_iter9_ref_tmp46_0_reg_369         |   64|   0|   64|          0|
    |ap_phi_reg_pp0_iter9_ref_tmp46_1_reg_380         |   64|   0|   64|          0|
    |ap_phi_reg_pp0_iter9_ref_tmp46_2_reg_391         |   64|   0|   64|          0|
    |ap_phi_reg_pp0_iter9_ref_tmp46_3_reg_402         |   64|   0|   64|          0|
    |ap_phi_reg_pp0_iter9_start_out_0_new_0_reg_434   |    1|   0|    1|          0|
    |ap_phi_reg_pp0_iter9_start_out_0_new_2_reg_590   |    1|   0|    1|          0|
    |ap_phi_reg_pp0_iter9_valid_out_0_new_0_reg_413   |    1|   0|    1|          0|
    |ap_phi_reg_pp0_iter9_valid_out_0_new_2_reg_555   |    1|   0|    1|          0|
    |ap_phi_reg_pp0_iter9_valid_out_1_new_0_reg_465   |    1|   0|    1|          0|
    |ap_phi_reg_pp0_iter9_valid_out_1_new_2_reg_641   |    1|   0|    1|          0|
    |ap_phi_reg_pp0_iter9_valid_out_2_new_0_reg_495   |    1|   0|    1|          0|
    |ap_phi_reg_pp0_iter9_valid_out_2_new_2_reg_689   |    1|   0|    1|          0|
    |ap_phi_reg_pp0_iter9_valid_out_3_new_0_reg_525   |    1|   0|    1|          0|
    |ap_phi_reg_pp0_iter9_valid_out_3_new_2_reg_737   |    1|   0|    1|          0|
    |grp_gen_puppi_fu_785_ap_start_reg                |    1|   0|    1|          0|
    |grp_gen_puppi_fu_792_ap_start_reg                |    1|   0|    1|          0|
    |grp_gen_puppi_fu_799_ap_start_reg                |    1|   0|    1|          0|
    |grp_gen_puppi_fu_806_ap_start_reg                |    1|   0|    1|          0|
    |icmp_ln1064_1_reg_1324                           |    1|   0|    1|          0|
    |icmp_ln1064_reg_1305                             |    1|   0|    1|          0|
    |icmp_ln1068_reg_1328                             |    1|   0|    1|          0|
    |icmp_ln1072_1_reg_1373                           |    1|   0|    1|          0|
    |icmp_ln1072_2_reg_1384                           |    1|   0|    1|          0|
    |icmp_ln1072_3_reg_1395                           |    1|   0|    1|          0|
    |icmp_ln1072_reg_1362                             |    1|   0|    1|          0|
    |icmp_ln1076_1_reg_1379                           |    1|   0|    1|          0|
    |icmp_ln1076_2_reg_1390                           |    1|   0|    1|          0|
    |icmp_ln1076_3_reg_1401                           |    1|   0|    1|          0|
    |icmp_ln1076_reg_1368                             |    1|   0|    1|          0|
    |icmp_ln1084_3_reg_1411                           |    1|   0|    1|          0|
    |icmp_ln1084_4_reg_1416                           |    1|   0|    1|          0|
    |icmp_ln1084_5_reg_1421                           |    1|   0|    1|          0|
    |icmp_ln1084_reg_1406                             |    1|   0|    1|          0|
    |irow_V                                           |    8|   0|    8|          0|
    |npuppi_V                                         |    7|   0|    7|          0|
    |nremaining_V                                     |    8|   0|    8|          0|
    |orbit                                            |    1|   0|    1|          0|
    |rptr                                             |   10|   0|   10|          0|
    |running                                          |    1|   0|    1|          0|
    |running_load_reg_1301                            |    1|   0|    1|          0|
    |trunc_ln128_reg_1296                             |   34|   0|   34|          0|
    |trunc_ln136_reg_1319                             |   34|   0|   34|          0|
    |trunc_ln140_1_reg_1314                           |   34|   0|   34|          0|
    |trunc_ln140_reg_1309                             |   34|   0|   34|          0|
    |wptr                                             |   10|   0|   10|          0|
    |and_ln128_reg_1292                               |   64|  32|    1|          0|
    |icmp_ln1064_1_reg_1324                           |   64|  32|    1|          0|
    |icmp_ln1064_reg_1305                             |   64|  32|    1|          0|
    |icmp_ln1068_reg_1328                             |   64|  32|    1|          0|
    |icmp_ln1072_1_reg_1373                           |   64|  32|    1|          0|
    |icmp_ln1072_2_reg_1384                           |   64|  32|    1|          0|
    |icmp_ln1072_3_reg_1395                           |   64|  32|    1|          0|
    |icmp_ln1072_reg_1362                             |   64|  32|    1|          0|
    |icmp_ln1076_1_reg_1379                           |   64|  32|    1|          0|
    |icmp_ln1076_2_reg_1390                           |   64|  32|    1|          0|
    |icmp_ln1076_3_reg_1401                           |   64|  32|    1|          0|
    |icmp_ln1076_reg_1368                             |   64|  32|    1|          0|
    |icmp_ln1084_3_reg_1411                           |   64|  32|    1|          0|
    |icmp_ln1084_4_reg_1416                           |   64|  32|    1|          0|
    |icmp_ln1084_5_reg_1421                           |   64|  32|    1|          0|
    |icmp_ln1084_reg_1406                             |   64|  32|    1|          0|
    |running_load_reg_1301                            |   64|  32|    1|          0|
    |trunc_ln128_reg_1296                             |   64|  32|   34|          0|
    |trunc_ln136_reg_1319                             |   64|  32|   34|          0|
    |trunc_ln140_1_reg_1314                           |   64|  32|   34|          0|
    |trunc_ln140_reg_1309                             |   64|  32|   34|          0|
    +-------------------------------------------------+-----+----+-----+-----------+
    |Total                                            |10240| 672| 9049|          0|
    +-------------------------------------------------+-----+----+-----+-----------+



================================================================
== Interface
================================================================
* Summary: 
+-----------------------+-----+-----+------------+-----------------------+--------------+
|       RTL Ports       | Dir | Bits|  Protocol  |     Source Object     |    C Type    |
+-----------------------+-----+-----+------------+-----------------------+--------------+
|ap_local_block         |  out|    1|  ap_ctrl_hs|                   gen4|  return value|
|ap_local_deadlock      |  out|    1|  ap_ctrl_hs|                   gen4|  return value|
|ap_clk                 |   in|    1|  ap_ctrl_hs|                   gen4|  return value|
|ap_rst                 |   in|    1|  ap_ctrl_hs|                   gen4|  return value|
|ap_start               |   in|    1|  ap_ctrl_hs|                   gen4|  return value|
|ap_done                |  out|    1|  ap_ctrl_hs|                   gen4|  return value|
|ap_idle                |  out|    1|  ap_ctrl_hs|                   gen4|  return value|
|ap_ready               |  out|    1|  ap_ctrl_hs|                   gen4|  return value|
|valid                  |   in|    1|     ap_none|                  valid|        scalar|
|set                    |   in|    1|     ap_none|                    set|        scalar|
|p_idxs_0               |   in|   64|     ap_none|               p_idxs_0|       pointer|
|p_idxs_1               |   in|   64|     ap_none|               p_idxs_1|       pointer|
|p_idxs_2               |   in|   64|     ap_none|               p_idxs_2|       pointer|
|p_idxs_3               |   in|   64|     ap_none|               p_idxs_3|       pointer|
|data_out_0             |  out|   64|      ap_vld|             data_out_0|       pointer|
|data_out_0_ap_vld      |  out|    1|      ap_vld|             data_out_0|       pointer|
|data_out_1             |  out|   64|      ap_vld|             data_out_1|       pointer|
|data_out_1_ap_vld      |  out|    1|      ap_vld|             data_out_1|       pointer|
|data_out_2             |  out|   64|      ap_vld|             data_out_2|       pointer|
|data_out_2_ap_vld      |  out|    1|      ap_vld|             data_out_2|       pointer|
|data_out_3             |  out|   64|      ap_vld|             data_out_3|       pointer|
|data_out_3_ap_vld      |  out|    1|      ap_vld|             data_out_3|       pointer|
|orbit_out_0            |  out|    1|      ap_vld|            orbit_out_0|       pointer|
|orbit_out_0_ap_vld     |  out|    1|      ap_vld|            orbit_out_0|       pointer|
|orbit_out_1            |  out|    1|      ap_vld|            orbit_out_1|       pointer|
|orbit_out_1_ap_vld     |  out|    1|      ap_vld|            orbit_out_1|       pointer|
|orbit_out_2            |  out|    1|      ap_vld|            orbit_out_2|       pointer|
|orbit_out_2_ap_vld     |  out|    1|      ap_vld|            orbit_out_2|       pointer|
|orbit_out_3            |  out|    1|      ap_vld|            orbit_out_3|       pointer|
|orbit_out_3_ap_vld     |  out|    1|      ap_vld|            orbit_out_3|       pointer|
|start_out_0            |  out|    1|      ap_vld|            start_out_0|       pointer|
|start_out_0_ap_vld     |  out|    1|      ap_vld|            start_out_0|       pointer|
|start_out_1            |  out|    1|      ap_vld|            start_out_1|       pointer|
|start_out_1_ap_vld     |  out|    1|      ap_vld|            start_out_1|       pointer|
|start_out_2            |  out|    1|      ap_vld|            start_out_2|       pointer|
|start_out_2_ap_vld     |  out|    1|      ap_vld|            start_out_2|       pointer|
|start_out_3            |  out|    1|      ap_vld|            start_out_3|       pointer|
|start_out_3_ap_vld     |  out|    1|      ap_vld|            start_out_3|       pointer|
|end_out_0              |  out|    1|      ap_vld|              end_out_0|       pointer|
|end_out_0_ap_vld       |  out|    1|      ap_vld|              end_out_0|       pointer|
|end_out_1              |  out|    1|      ap_vld|              end_out_1|       pointer|
|end_out_1_ap_vld       |  out|    1|      ap_vld|              end_out_1|       pointer|
|end_out_2              |  out|    1|      ap_vld|              end_out_2|       pointer|
|end_out_2_ap_vld       |  out|    1|      ap_vld|              end_out_2|       pointer|
|end_out_3              |  out|    1|      ap_vld|              end_out_3|       pointer|
|end_out_3_ap_vld       |  out|    1|      ap_vld|              end_out_3|       pointer|
|valid_out_0            |  out|    1|      ap_vld|            valid_out_0|       pointer|
|valid_out_0_ap_vld     |  out|    1|      ap_vld|            valid_out_0|       pointer|
|valid_out_1            |  out|    1|      ap_vld|            valid_out_1|       pointer|
|valid_out_1_ap_vld     |  out|    1|      ap_vld|            valid_out_1|       pointer|
|valid_out_2            |  out|    1|      ap_vld|            valid_out_2|       pointer|
|valid_out_2_ap_vld     |  out|    1|      ap_vld|            valid_out_2|       pointer|
|valid_out_3            |  out|    1|      ap_vld|            valid_out_3|       pointer|
|valid_out_3_ap_vld     |  out|    1|      ap_vld|            valid_out_3|       pointer|
|CLOCK_RATIO_MINUS_ONE  |   in|    4|     ap_none|  CLOCK_RATIO_MINUS_ONE|        scalar|
+-----------------------+-----+-----+------------+-----------------------+--------------+

