

================================================================
== Vitis HLS Report for 'gen_puppi'
================================================================
* Date:           Fri Jul 14 17:20:38 2023

* Version:        2021.2 (Build 3367213 on Tue Oct 19 02:47:39 MDT 2021)
* Project:        proj_gen4
* Solution:       solution (Vivado IP Flow Target)
* Product family: kintexuplus
* Target device:  xcku15p-ffva1760-2-e


================================================================
== Performance Estimates
================================================================
+ Timing: 
    * Summary: 
    +--------+---------+----------+------------+
    |  Clock |  Target | Estimated| Uncertainty|
    +--------+---------+----------+------------+
    |ap_clk  |  2.50 ns|  1.237 ns|     0.68 ns|
    +--------+---------+----------+------------+

+ Latency: 
    * Summary: 
    +---------+---------+-----------+-----------+-----+-----+---------+
    |  Latency (cycles) |   Latency (absolute)  |  Interval | Pipeline|
    |   min   |   max   |    min    |    max    | min | max |   Type  |
    +---------+---------+-----------+-----------+-----+-----+---------+
    |        4|        4|  10.000 ns|  10.000 ns|    1|    1|      yes|
    +---------+---------+-----------+-----------+-----+-----+---------+

    + Detail: 
        * Instance: 
        N/A

        * Loop: 
        N/A



================================================================
== Utilization Estimates
================================================================
* Summary: 
+-----------------+---------+------+---------+--------+-----+
|       Name      | BRAM_18K|  DSP |    FF   |   LUT  | URAM|
+-----------------+---------+------+---------+--------+-----+
|DSP              |        -|     3|        -|       -|    -|
|Expression       |        -|     -|        0|     143|    -|
|FIFO             |        -|     -|        -|       -|    -|
|Instance         |        -|     -|        -|       -|    -|
|Memory           |        1|     -|        0|       0|    -|
|Multiplexer      |        -|     -|        -|       -|    -|
|Register         |        -|     -|      259|      96|    -|
+-----------------+---------+------+---------+--------+-----+
|Total            |        1|     3|      259|     239|    0|
+-----------------+---------+------+---------+--------+-----+
|Available        |     1968|  1968|  1045440|  522720|  128|
+-----------------+---------+------+---------+--------+-----+
|Utilization (%)  |       ~0|    ~0|       ~0|      ~0|    0|
+-----------------+---------+------+---------+--------+-----+

+ Detail: 
    * Instance: 
    N/A

    * DSP: 
    +-----------------------------+--------------------------+-----------+
    |           Instance          |          Module          | Expression|
    +-----------------------------+--------------------------+-----------+
    |mul_mul_10ns_10ns_20_4_1_U2  |mul_mul_10ns_10ns_20_4_1  |    i0 * i1|
    |mul_mul_11ns_11ns_22_4_1_U3  |mul_mul_11ns_11ns_22_4_1  |    i0 * i1|
    |mul_mul_12ns_11ns_23_4_1_U1  |mul_mul_12ns_11ns_23_4_1  |    i0 * i1|
    +-----------------------------+--------------------------+-----------+

    * Memory: 
    +-----------+-------------------------------+---------+---+----+-----+------+-----+------+-------------+
    |   Memory  |             Module            | BRAM_18K| FF| LUT| URAM| Words| Bits| Banks| W*Bits*Banks|
    +-----------+-------------------------------+---------+---+----+-----+------+-----+------+-------------+
    |ptLUT_V_U  |gen_puppi_ptLUT_V_ROM_AUTO_1R  |        1|  0|   0|    0|  1023|    8|     1|         8184|
    +-----------+-------------------------------+---------+---+----+-----+------+-----+------+-------------+
    |Total      |                               |        1|  0|   0|    0|  1023|    8|     1|         8184|
    +-----------+-------------------------------+---------+---+----+-----+------+-----+------+-------------+

    * FIFO: 
    N/A

    * Expression: 
    +-------------------------+----------+----+---+----+------------+------------+
    |      Variable Name      | Operation| DSP| FF| LUT| Bitwidth P0| Bitwidth P1|
    +-------------------------+----------+----+---+----+------------+------------+
    |eta_V_fu_214_p2          |         +|   0|  0|  18|          11|          11|
    |phi_V_fu_232_p2          |         +|   0|  0|  18|          11|          11|
    |and_ln52_fu_245_p2       |       and|   0|  0|   2|           1|           1|
    |and_ln56_fu_264_p2       |       and|   0|  0|   2|           1|           1|
    |and_ln63_fu_283_p2       |       and|   0|  0|   2|           1|           1|
    |and_ln66_fu_297_p2       |       and|   0|  0|   2|           1|           1|
    |icmp_ln1080_1_fu_181_p2  |      icmp|   0|  0|  11|          10|           9|
    |icmp_ln1080_2_fu_193_p2  |      icmp|   0|  0|  11|          10|           9|
    |icmp_ln1080_3_fu_199_p2  |      icmp|   0|  0|  11|          10|           8|
    |icmp_ln1080_fu_169_p2    |      icmp|   0|  0|  11|          10|           9|
    |icmp_ln1084_1_fu_187_p2  |      icmp|   0|  0|  11|          10|           9|
    |icmp_ln1084_2_fu_205_p2  |      icmp|   0|  0|  11|          10|           6|
    |icmp_ln1084_fu_175_p2    |      icmp|   0|  0|  11|          10|           9|
    |id_V_1_fu_268_p3         |    select|   0|  0|   4|           1|           4|
    |id_V_2_fu_275_p3         |    select|   0|  0|   3|           1|           3|
    |id_V_3_fu_301_p3         |    select|   0|  0|   3|           1|           3|
    |id_V_fu_256_p3           |    select|   0|  0|   3|           1|           3|
    |select_ln1080_fu_238_p3  |    select|   0|  0|   2|           1|           2|
    |select_ln52_fu_249_p3    |    select|   0|  0|   3|           1|           3|
    |ap_enable_pp0            |       xor|   0|  0|   2|           1|           2|
    |xor_ln63_fu_287_p2       |       xor|   0|  0|   2|           2|           1|
    +-------------------------+----------+----+---+----+------------+------------+
    |Total                    |          |   0|  0| 143|         105|         106|
    +-------------------------+----------+----+---+----+------------+------------+

    * Multiplexer: 
    N/A

    * Register: 
    +-------------------------+----+----+-----+-----------+
    |           Name          | FF | LUT| Bits| Const Bits|
    +-------------------------+----+----+-----+-----------+
    |ap_CS_fsm                |   1|   0|    1|          0|
    |ap_enable_reg_pp0_iter1  |   1|   0|    1|          0|
    |ap_enable_reg_pp0_iter2  |   1|   0|    1|          0|
    |ap_enable_reg_pp0_iter3  |   1|   0|    1|          0|
    |ap_enable_reg_pp0_iter4  |   1|   0|    1|          0|
    |charge_reg_368           |   1|   0|    1|          0|
    |fill_V_reg_343           |  24|   0|   24|          0|
    |icmp_ln1080_1_reg_400    |   1|   0|    1|          0|
    |icmp_ln1080_2_reg_410    |   1|   0|    1|          0|
    |icmp_ln1080_3_reg_415    |   1|   0|    1|          0|
    |icmp_ln1080_reg_390      |   1|   0|    1|          0|
    |icmp_ln1084_1_reg_405    |   1|   0|    1|          0|
    |icmp_ln1084_2_reg_420    |   1|   0|    1|          0|
    |icmp_ln1084_reg_395      |   1|   0|    1|          0|
    |lhs_1_reg_358            |  11|   0|   11|          0|
    |pt_V_reg_375             |   8|   0|    8|          0|
    |ueta_reg_385             |  11|   0|   11|          0|
    |charge_reg_368           |  64|  32|    1|          0|
    |fill_V_reg_343           |  64|  32|   24|          0|
    |pt_V_reg_375             |  64|  32|    8|          0|
    +-------------------------+----+----+-----+-----------+
    |Total                    | 259|  96|  100|          0|
    +-------------------------+----+----+-----+-----------+



================================================================
== Interface
================================================================
* Summary: 
+-----------+-----+-----+------------+--------------+--------------+
| RTL Ports | Dir | Bits|  Protocol  | Source Object|    C Type    |
+-----------+-----+-----+------------+--------------+--------------+
|ap_clk     |   in|    1|  ap_ctrl_hs|     gen_puppi|  return value|
|ap_rst     |   in|    1|  ap_ctrl_hs|     gen_puppi|  return value|
|ap_start   |   in|    1|  ap_ctrl_hs|     gen_puppi|  return value|
|ap_done    |  out|    1|  ap_ctrl_hs|     gen_puppi|  return value|
|ap_idle    |  out|    1|  ap_ctrl_hs|     gen_puppi|  return value|
|ap_ready   |  out|    1|  ap_ctrl_hs|     gen_puppi|  return value|
|ap_ce      |   in|    1|  ap_ctrl_hs|     gen_puppi|  return value|
|ap_return  |  out|   64|  ap_ctrl_hs|     gen_puppi|  return value|
|rnd        |   in|   34|     ap_none|           rnd|        scalar|
+-----------+-----+-----+------------+--------------+--------------+

